This is pdfTeX, Version 3.14159265-2.6-1.40.21 (TeX Live 2020) (preloaded format=pdflatex 2021.9.21)  22 SEP 2021 18:55
entering extended mode
 restricted \write18 enabled.
 %&-line parsing enabled.
**ostis.tex
(./ostis.tex
LaTeX2e <2020-02-02> patch level 5
L3 programming layer <2020-04-06>
(/usr/share/texlive/texmf-dist/tex/latex/base/proc.cls
Document Class: proc 2014/09/29 v1.3l Standard LaTeX document class
(/usr/share/texlive/texmf-dist/tex/latex/base/article.cls
Document Class: article 2019/12/20 v1.4l Standard LaTeX document class
(/usr/share/texlive/texmf-dist/tex/latex/base/size10.clo
File: size10.clo 2019/12/20 v1.4l Standard LaTeX file (size option)
)
\c@part=\count167
\c@section=\count168
\c@subsection=\count169
\c@subsubsection=\count170
\c@paragraph=\count171
\c@subparagraph=\count172
\c@figure=\count173
\c@table=\count174
\abovecaptionskip=\skip47
\belowcaptionskip=\skip48
\bibindent=\dimen134
))
(/usr/share/texlive/texmf-dist/tex/latex/base/inputenc.sty
Package: inputenc 2018/08/11 v1.3c Input encoding file
\inpenc@prehook=\toks15
\inpenc@posthook=\toks16
)
(/usr/share/texlive/texmf-dist/tex/latex/tools/multicol.sty
Package: multicol 2019/12/09 v1.8y multicolumn formatting (FMi)
\c@tracingmulticols=\count175
\mult@box=\box45
\multicol@leftmargin=\dimen135
\c@unbalance=\count176
\c@collectmore=\count177
\doublecol@number=\count178
\multicoltolerance=\count179
\multicolpretolerance=\count180
\full@width=\dimen136
\page@free=\dimen137
\premulticols=\dimen138
\postmulticols=\dimen139
\multicolsep=\skip49
\multicolbaselineskip=\skip50
\partial@page=\box46
\last@line=\box47
\maxbalancingoverflow=\dimen140
\mult@rightbox=\box48
\mult@grightbox=\box49
\mult@gfirstbox=\box50
\mult@firstbox=\box51
\@tempa=\box52
\@tempa=\box53
\@tempa=\box54
\@tempa=\box55
\@tempa=\box56
\@tempa=\box57
\@tempa=\box58
\@tempa=\box59
\@tempa=\box60
\@tempa=\box61
\@tempa=\box62
\@tempa=\box63
\@tempa=\box64
\@tempa=\box65
\@tempa=\box66
\@tempa=\box67
\@tempa=\box68
\@tempa=\box69
\@tempa=\box70
\@tempa=\box71
\@tempa=\box72
\@tempa=\box73
\@tempa=\box74
\@tempa=\box75
\@tempa=\box76
\@tempa=\box77
\@tempa=\box78
\@tempa=\box79
\@tempa=\box80
\@tempa=\box81
\@tempa=\box82
\@tempa=\box83
\@tempa=\box84
\@tempa=\box85
\@tempa=\box86
\@tempa=\box87
\@tempa=\box88
\c@minrows=\count181
\c@columnbadness=\count182
\c@finalcolumnbadness=\count183
\last@try=\dimen141
\multicolovershoot=\dimen142
\multicolundershoot=\dimen143
\mult@nat@firstbox=\box89
\colbreak@box=\box90
\mc@col@check@num=\count184
)
(/usr/share/texlive/texmf-dist/tex/latex/setspace/setspace.sty
Package: setspace 2011/12/19 v6.7a set line spacing
)
(/usr/share/texlive/texmf-dist/tex/latex/ragged2e/ragged2e.sty
Package: ragged2e 2019/07/28 v2.2 ragged2e Package (MS)

(/usr/share/texlive/texmf-dist/tex/latex/ms/everysel.sty
Package: everysel 2011/10/28 v1.2 EverySelectfont Package (MS)
)
\CenteringLeftskip=\skip51
\RaggedLeftLeftskip=\skip52
\RaggedRightLeftskip=\skip53
\CenteringRightskip=\skip54
\RaggedLeftRightskip=\skip55
\RaggedRightRightskip=\skip56
\CenteringParfillskip=\skip57
\RaggedLeftParfillskip=\skip58
\RaggedRightParfillskip=\skip59
\JustifyingParfillskip=\skip60
\CenteringParindent=\skip61
\RaggedLeftParindent=\skip62
\RaggedRightParindent=\skip63
\JustifyingParindent=\skip64
)
(/usr/share/texlive/texmf-dist/tex/latex/fancyhdr/fancyhdr.sty
Package: fancyhdr 2019/01/31 v3.10 Extensive control of page headers and footer
s
\f@nch@headwidth=\skip65
\f@nch@O@elh=\skip66
\f@nch@O@erh=\skip67
\f@nch@O@olh=\skip68
\f@nch@O@orh=\skip69
\f@nch@O@elf=\skip70
\f@nch@O@erf=\skip71
\f@nch@O@olf=\skip72
\f@nch@O@orf=\skip73
)
(/usr/share/texlive/texmf-dist/tex/latex/geometry/geometry.sty
Package: geometry 2020/01/02 v5.9 Page Geometry

(/usr/share/texlive/texmf-dist/tex/latex/graphics/keyval.sty
Package: keyval 2014/10/28 v1.15 key=value parser (DPC)
\KV@toks@=\toks17
)
(/usr/share/texlive/texmf-dist/tex/generic/iftex/ifvtex.sty
Package: ifvtex 2019/10/25 v1.7 ifvtex legacy package. Use iftex instead.

(/usr/share/texlive/texmf-dist/tex/generic/iftex/iftex.sty
Package: iftex 2020/03/06 v1.0d TeX engine tests
))
\Gm@cnth=\count185
\Gm@cntv=\count186
\c@Gm@tempcnt=\count187
\Gm@bindingoffset=\dimen144
\Gm@wd@mp=\dimen145
\Gm@odd@mp=\dimen146
\Gm@even@mp=\dimen147
\Gm@layoutwidth=\dimen148
\Gm@layoutheight=\dimen149
\Gm@layouthoffset=\dimen150
\Gm@layoutvoffset=\dimen151
\Gm@dimlist=\toks18
)
(/usr/share/texlive/texmf-dist/tex/latex/l3backend/l3backend-pdfmode.def
File: l3backend-pdfmode.def 2020-03-12 L3 backend support: PDF mode
\l__kernel_color_stack_int=\count188
\l__pdf_internal_box=\box91
)
(./ostis.aux)
\openout1 = `ostis.aux'.

LaTeX Font Info:    Checking defaults for OML/cmm/m/it on input line 33.
LaTeX Font Info:    ... okay on input line 33.
LaTeX Font Info:    Checking defaults for OMS/cmsy/m/n on input line 33.
LaTeX Font Info:    ... okay on input line 33.
LaTeX Font Info:    Checking defaults for OT1/cmr/m/n on input line 33.
LaTeX Font Info:    ... okay on input line 33.
LaTeX Font Info:    Checking defaults for T1/cmr/m/n on input line 33.
LaTeX Font Info:    ... okay on input line 33.
LaTeX Font Info:    Checking defaults for TS1/cmr/m/n on input line 33.
LaTeX Font Info:    ... okay on input line 33.
LaTeX Font Info:    Checking defaults for OMX/cmex/m/n on input line 33.
LaTeX Font Info:    ... okay on input line 33.
LaTeX Font Info:    Checking defaults for U/cmr/m/n on input line 33.
LaTeX Font Info:    ... okay on input line 33.
 ABD: EverySelectfont initializing macros
LaTeX Info: Redefining \selectfont on input line 33.

*geometry* driver: auto-detecting
*geometry* detected driver: pdftex
*geometry* verbose mode - [ preamble ] result:
* driver: pdftex
* paper: a4paper
* layout: <same size as paper>
* layoutoffset:(h,v)=(0.0pt,0.0pt)
* modes: 
* h-part:(L,W,R)=(71.13188pt, 455.24411pt, 71.13188pt)
* v-part:(T,H,B)=(71.13188pt, 702.78308pt, 71.13188pt)
* \paperwidth=597.50787pt
* \paperheight=845.04684pt
* \textwidth=455.24411pt
* \textheight=702.78308pt
* \oddsidemargin=-1.1381pt
* \evensidemargin=-1.1381pt
* \topmargin=-38.1381pt
* \headheight=12.0pt
* \headsep=25.0pt
* \topskip=10.0pt
* \footskip=75.0pt
* \marginparwidth=0.0pt
* \marginparsep=10.0pt
* \columnsep=27.10124pt
* \skip\footins=9.0pt plus 4.0pt minus 2.0pt
* \hoffset=0.0pt
* \voffset=0.0pt
* \mag=1000
* \@twocolumntrue
* \@twosidefalse
* \@mparswitchfalse
* \@reversemarginfalse
* (1in=72.27pt=25.4mm, 1cm=28.453pt)

LaTeX Font Info:    External font `cmex10' loaded for size
(Font)              <12> on input line 34.
LaTeX Font Info:    External font `cmex10' loaded for size
(Font)              <8> on input line 34.
LaTeX Font Info:    External font `cmex10' loaded for size
(Font)              <6> on input line 34.

Overfull \vbox (85.97139pt too high) detected at line 34
 []


Underfull \hbox (badness 1509) in paragraph at lines 38--40
[] \OT1/cmr/bx/it/10 Ab-stract\OT1/cmr/bx/n/10 |This work is de-voted to
 []


Underfull \hbox (badness 2050) in paragraph at lines 38--40
\OT1/cmr/bx/n/10 fac-tor pro-vid-ing se-man-tic com-pat-i-bil-ity
 []


Underfull \hbox (badness 1715) in paragraph at lines 38--40
\OT1/cmr/bx/it/10 Key-words\OT1/cmr/bx/n/10 |intelligent com-puter sys-tem;
 []


Underfull \hbox (badness 2269) in paragraph at lines 38--40
\OT1/cmr/bx/n/10 in-te-grated tech-nol-ogy for the de-vel-op-
 []


Underfull \hbox (badness 3068) in paragraph at lines 38--40
\OT1/cmr/bx/n/10 ment of in-tel-li-gent com-puter sys-tems;
 []


Underfull \hbox (badness 1014) in paragraph at lines 38--40
\OT1/cmr/bx/n/10 of ar-ti-fi-cial in-tel-li-gence; con-ver-gence of
 []


Underfull \hbox (badness 4084) in paragraph at lines 38--40
\OT1/cmr/bx/n/10 edge in in-tel-li-gent com-puter sys-tems;
 []


Underfull \hbox (badness 2600) in paragraph at lines 38--40
\OT1/cmr/bx/n/10 gen-eral the-ory of in-tel-li-gent com-puter
 []


Underfull \hbox (badness 1629) in paragraph at lines 38--40
\OT1/cmr/bx/n/10 in-tel-li-gent com-puter sys-tems and their
 []


Underfull \hbox (badness 1577) in paragraph at lines 38--40
\OT1/cmr/bx/n/10 edge; stan-dard of in-tel-li-gent com-puter
 []


Underfull \hbox (badness 10000) in paragraph at lines 38--40

 []


Underfull \hbox (badness 2644) in paragraph at lines 41--41
 []\OT1/cmr/m/sc/12 I. In-tro-duc-tion 
 []


Underfull \hbox (badness 1448) in paragraph at lines 44--48
\OT1/cmr/m/n/10 com-puter sys-tems and \OT1/cmr/m/it/10 se-man-tic com-pat-i-bi
l-ity
 []


Underfull \hbox (badness 2165) in paragraph at lines 44--48
\OT1/cmr/m/it/10 com-pat-i-bil-ity \OT1/cmr/m/n/10 of in-tel-li-gent com-puter 
sys-tems
 []


Underfull \hbox (badness 1448) in paragraph at lines 44--48
\OT1/cmr/bx/it/10 in-tel-li-gent com-puter sys-tems\OT1/cmr/m/n/10 , as well as

 []


Underfull \hbox (badness 10000) in paragraph at lines 44--48

 []

LaTeX Font Info:    External font `cmex10' loaded for size
(Font)              <7> on input line 67.
LaTeX Font Info:    External font `cmex10' loaded for size
(Font)              <5> on input line 67.
LaTeX Font Info:    Trying to load font information for OMS+cmr on input line 6
8.
(/usr/share/texlive/texmf-dist/tex/latex/base/omscmr.fd
File: omscmr.fd 2019/12/16 v2.5j Standard LaTeX font definitions
)
LaTeX Font Info:    Font shape `OMS/cmr/m/n' in size <10> not available
(Font)              Font shape `OMS/cmsy/m/n' tried instead on input line 68.
 [1{/usr/share/texlive/texmf-dist/fonts/map/pdftex/updmap/pdftex.map}


]
Underfull \hbox (badness 10000) in paragraph at lines 76--80

 []

[2]
Underfull \hbox (badness 10000) in paragraph at lines 120--123

 []


Underfull \hbox (badness 1360) in paragraph at lines 142--146
[]\OT1/cmr/m/n/10 Scientists work-ing in the field of ar-ti-fi-cial
 []


Underfull \hbox (badness 1694) in paragraph at lines 142--146
\OT1/cmr/m/it/10 de-sign\OT1/cmr/m/n/10 , in-clud-ing the ap-pro-pri-ate \OT1/c
mr/bx/it/10 stan-dards
 []


Underfull \hbox (badness 7433) in paragraph at lines 142--146
[]\OT1/cmr/m/n/10 Engineers de-vel-op-ing in-tel-li-gent com-puter
 []


Underfull \hbox (badness 1590) in paragraph at lines 142--146
\OT1/cmr/m/n/10 par-tic-i-pate in the de-vel-op-ment of in-te-grated
 []


Underfull \hbox (badness 4569) in paragraph at lines 142--146
\OT1/cmr/m/n/10 tech-nol-ogy for in-tel-li-gent com-puter sys-tems
 []


Underfull \hbox (badness 10000) in paragraph at lines 142--146

 []

[3] [4

] (./ostis.aux) ) 
Here is how much of TeX's memory you used:
 1360 strings out of 482555
 20943 string characters out of 5952145
 268302 words of memory out of 6000000
 17023 multiletter control sequences out of 15000+600000
 537676 words of font info for 41 fonts, out of 8000000 for 9000
 14 hyphenation exceptions out of 8191
 32i,10n,45p,964b,239s stack positions out of 5000i,500n,10000p,200000b,80000s
{/usr/share/texlive/texmf-dist/fonts/enc/dvips/cm-super/cm-sup
er-ts1.enc}</usr/share/texlive/texmf-dist/fonts/type1/public/amsfonts/cm/cmbx10
.pfb></usr/share/texlive/texmf-dist/fonts/type1/public/amsfonts/cm/cmbx12.pfb><
/usr/share/texlive/texmf-dist/fonts/type1/public/amsfonts/cm/cmbxti10.pfb></usr
/share/texlive/texmf-dist/fonts/type1/public/amsfonts/cm/cmcsc10.pfb></usr/shar
e/texlive/texmf-dist/fonts/type1/public/amsfonts/cm/cmr10.pfb></usr/share/texli
ve/texmf-dist/fonts/type1/public/amsfonts/cm/cmr12.pfb></usr/share/texlive/texm
f-dist/fonts/type1/public/amsfonts/cm/cmsy10.pfb></usr/share/texlive/texmf-dist
/fonts/type1/public/amsfonts/cm/cmti10.pfb></usr/share/texlive/texmf-dist/fonts
/type1/public/amsfonts/cm/cmti12.pfb></usr/share/texlive/texmf-dist/fonts/type1
/public/cm-super/sfrm1000.pfb>
Output written on ostis.pdf (4 pages, 135932 bytes).
PDF statistics:
 58 PDF objects out of 1000 (max. 8388607)
 41 compressed objects within 1 object stream
 0 named destinations out of 1000 (max. 500000)
 1 words of extra memory for PDF output out of 10000 (max. 10000000)

